<?xml version="1.0" encoding="UTF-8"?>
<!-- Generated by org.testng.reporters.JUnitReportReporter -->
<testsuite skipped="0" hostname="Abdul" name="com.hybridFramework.Login.LoginTest" tests="1" failures="0" timestamp="07 Dec 2018 17:49:20 GMT" time="7.641" errors="0">
  <testcase name="login" time="7.641" classname="com.hybridFramework.Login.LoginTest"/>
</testsuite> <!-- com.hybridFramework.Login.LoginTest -->
