<?xml version="1.0" encoding="UTF-8"?>
<!-- Generated by org.testng.reporters.JUnitReportReporter -->
<testsuite skipped="0" hostname="Abdul" name="com.hybridFramework.report.Sample" tests="1" failures="0" timestamp="23 Dec 2018 08:44:28 GMT" time="5.288" errors="0">
  <testcase name="sample" time="5.288" classname="com.hybridFramework.report.Sample"/>
</testsuite> <!-- com.hybridFramework.report.Sample -->
