<?xml version="1.0" encoding="UTF-8"?>
<!-- Generated by org.testng.reporters.JUnitReportReporter -->
<testsuite skipped="0" hostname="Abdul" name="com.hybridFramework.HomePage.TestDataDriven" tests="5" failures="0" timestamp="01 Dec 2018 07:33:27 GMT" time="0.035" errors="0">
  <testcase name="login" time="0.003" classname="com.hybridFramework.HomePage.TestDataDriven"/>
  <testcase name="login" time="0.013" classname="com.hybridFramework.HomePage.TestDataDriven"/>
  <testcase name="login" time="0.009" classname="com.hybridFramework.HomePage.TestDataDriven"/>
  <testcase name="login" time="0.007" classname="com.hybridFramework.HomePage.TestDataDriven"/>
  <testcase name="login" time="0.003" classname="com.hybridFramework.HomePage.TestDataDriven"/>
</testsuite> <!-- com.hybridFramework.HomePage.TestDataDriven -->
