<?xml version="1.0" encoding="UTF-8"?>
<!-- Generated by org.testng.reporters.JUnitReportReporter -->
<testsuite skipped="0" hostname="Abdul" name="com.hybridFramework.HomePage.Sample" tests="1" failures="0" timestamp="01 Dec 2018 17:22:51 GMT" time="0.014" errors="0">
  <testcase name="sampleMethod" time="0.014" classname="com.hybridFramework.HomePage.Sample"/>
</testsuite> <!-- com.hybridFramework.HomePage.Sample -->
