<?xml version="1.0" encoding="UTF-8"?>
<!-- Generated by org.testng.reporters.JUnitReportReporter -->
<testsuite skipped="0" hostname="Abdul" name="com.hybridFramework.testBase.TestBase" tests="1" failures="0" timestamp="26 Nov 2018 17:58:21 GMT" time="0.019" errors="0">
  <testcase name="test1" time="0.019" classname="com.hybridFramework.testBase.TestBase"/>
</testsuite> <!-- com.hybridFramework.testBase.TestBase -->
